<?xml version="1.0" encoding="UTF-8"?>
<!-- Generated by org.testng.reporters.JUnitReportReporter -->
<testsuite hostname="Reddy_Katimi" failures="0" tests="3" name="testngtutorial.day2" time="0.004" errors="0" timestamp="2025-06-30T22:03:13 IST" skipped="0">
  <testcase classname="testngtutorial.day2" name="demo5" time="0.001"/>
  <testcase classname="testngtutorial.day2" name="demo6" time="0.001"/>
  <testcase classname="testngtutorial.day2" name="demo4" time="0.002"/>
</testsuite> <!-- testngtutorial.day2 -->
