<?xml version="1.0" encoding="UTF-8"?>
<!-- Generated by org.testng.reporters.JUnitReportReporter -->
<testsuite hostname="Reddy_Katimi" failures="0" tests="2" name="testngtutorial.day1" time="0.005" errors="0" timestamp="2025-06-30T22:03:13 IST" skipped="0">
  <testcase classname="testngtutorial.day1" name="demo1" time="0.000"/>
  <testcase classname="testngtutorial.day1" name="API" time="0.005"/>
</testsuite> <!-- testngtutorial.day1 -->
