<?xml version="1.0" encoding="UTF-8"?>
<!-- Generated by org.testng.reporters.JUnitReportReporter -->
<testsuite hostname="Reddy_Katimi" failures="0" tests="3" name="testngtutorial.day3" time="0.004" errors="0" timestamp="2025-06-30T22:03:13 IST" skipped="0">
  <testcase classname="testngtutorial.day3" name="demo7" time="0.001"/>
  <testcase classname="testngtutorial.day3" name="demo9" time="0.001"/>
  <testcase classname="testngtutorial.day3" name="demo8" time="0.002"/>
</testsuite> <!-- testngtutorial.day3 -->
